
> @electric-sql/pglite@0.3.14 build /mnt/dev-data/app/nmtpathways-monorepo/packages/pglite/packages/pglite
> pnpm build:js


> @electric-sql/pglite@0.3.14 build:js /mnt/dev-data/app/nmtpathways-monorepo/packages/pglite/packages/pglite
> tsup && tsx scripts/bundle-wasm.ts

CLI Building entry: release/pglite.js
CLI Using tsconfig: tsconfig.json
CLI tsup v8.5.1
CLI Using tsup config: /mnt/dev-data/app/nmtpathways-monorepo/packages/pglite/packages/pglite/tsup.config.ts
CLI Building entry: src/index.ts, src/templating.ts, src/contrib/amcheck.ts, src/contrib/auto_explain.ts, src/contrib/bloom.ts, src/contrib/btree_gin.ts, src/contrib/btree_gist.ts, src/contrib/citext.ts, src/contrib/cube.ts, src/contrib/dict_int.ts, src/contrib/dict_xsyn.ts, src/contrib/earthdistance.ts, src/contrib/file_fdw.ts, src/contrib/fuzzystrmatch.ts, src/contrib/hstore.ts, src/contrib/intarray.ts, src/contrib/isn.ts, src/contrib/lo.ts, src/contrib/ltree.ts, src/contrib/pageinspect.ts, src/contrib/pg_buffercache.ts, src/contrib/pg_freespacemap.ts, src/contrib/pg_surgery.ts, src/contrib/pg_trgm.ts, src/contrib/pg_visibility.ts, src/contrib/pg_walinspect.ts, src/contrib/seg.ts, src/contrib/tablefunc.ts, src/contrib/tcn.ts, src/contrib/tsm_system_rows.ts, src/contrib/tsm_system_time.ts, src/contrib/unaccent.ts, src/contrib/uuid_ossp.ts, src/fs/base.ts, src/fs/nodefs.ts, src/fs/opfs-ahp.ts, src/live/index.ts, src/pg_ivm/index.ts, src/pg_uuidv7/index.ts, src/pgtap/index.ts, src/vector/index.ts, src/worker/index.ts
CLI Using tsconfig: tsconfig.json
CLI tsup v8.5.1
CLI Using tsup config: /mnt/dev-data/app/nmtpathways-monorepo/packages/pglite/packages/pglite/tsup.config.ts
CLI Target: es2020
CJS Build start
CLI Target: es2020
CLI Cleaning output folder
ESM Build start
CJS Build start

 WARN  [33m▲ [43;33m[[43;30mWARNING[43;33m][0m [1mUsing direct eval with a bundler is not recommended and may cause problems[0m [direct-eval]

    release/pglite.js:9:90760:
[37m      9 │ ...${body} };`;ASM_CONSTS[start]=[32meval[37m(func)}if("__start_em_asm"in m...
        ╵                                  [32m~~~~[0m

  You can read more about direct eval and bundling here: [4mhttps://esbuild.github.io/link/direct-eval[0m




 WARN  [33m▲ [43;33m[[43;30mWARNING[43;33m][0m [1mUsing direct eval with a bundler is not recommended and may cause problems[0m [direct-eval]

    release/pglite.js:9:91251:
[37m      9 │ ...${body};`;moduleExports[name]=[32meval[37m(func)}for(var name in moduleE...
        ╵                                  [32m~~~~[0m

  You can read more about direct eval and bundling here: [4mhttps://esbuild.github.io/link/direct-eval[0m



CJS dist/pglite.cjs 343.12 KB
CJS ⚡️ Build success in 404ms
DTS Build start

 WARN  [33m▲ [43;33m[[43;30mWARNING[43;33m][0m [1mUsing direct eval with a bundler is not recommended and may cause problems[0m [direct-eval]

    release/pglite.js:9:90760:
[37m      9 │ ...${body} };`;ASM_CONSTS[start]=[32meval[37m(func)}if("__start_em_asm"in m...
        ╵                                  [32m~~~~[0m

  You can read more about direct eval and bundling here: [4mhttps://esbuild.github.io/link/direct-eval[0m




 WARN  [33m▲ [43;33m[[43;30mWARNING[43;33m][0m [1mUsing direct eval with a bundler is not recommended and may cause problems[0m [direct-eval]

    release/pglite.js:9:91251:
[37m      9 │ ...${body};`;moduleExports[name]=[32meval[37m(func)}for(var name in moduleE...
        ╵                                  [32m~~~~[0m

  You can read more about direct eval and bundling here: [4mhttps://esbuild.github.io/link/direct-eval[0m



CJS dist/index.cjs                       407.33 KB
CJS dist/templating.cjs                  1.44 KB
CJS dist/contrib/amcheck.cjs             863.00 B
CJS dist/contrib/auto_explain.cjs        888.00 B
CJS dist/contrib/bloom.cjs               853.00 B
CJS dist/contrib/btree_gin.cjs           873.00 B
CJS dist/contrib/btree_gist.cjs          878.00 B
CJS dist/contrib/citext.cjs              858.00 B
CJS dist/contrib/cube.cjs                848.00 B
CJS dist/contrib/dict_int.cjs            868.00 B
CJS dist/contrib/dict_xsyn.cjs           873.00 B
CJS dist/contrib/earthdistance.cjs       893.00 B
CJS dist/contrib/file_fdw.cjs            868.00 B
CJS dist/contrib/fuzzystrmatch.cjs       893.00 B
CJS dist/contrib/hstore.cjs              858.00 B
CJS dist/contrib/intarray.cjs            868.00 B
CJS dist/contrib/isn.cjs                 843.00 B
CJS dist/contrib/lo.cjs                  838.00 B
CJS dist/contrib/ltree.cjs               853.00 B
CJS dist/contrib/pageinspect.cjs         883.00 B
CJS dist/contrib/pg_buffercache.cjs      898.00 B
CJS dist/contrib/pg_freespacemap.cjs     903.00 B
CJS dist/contrib/pg_surgery.cjs          878.00 B
CJS dist/contrib/pg_trgm.cjs             863.00 B
CJS dist/contrib/seg.cjs                 843.00 B
CJS dist/contrib/pg_walinspect.cjs       893.00 B
CJS dist/contrib/pg_visibility.cjs       893.00 B
CJS dist/contrib/tcn.cjs                 843.00 B
CJS dist/contrib/tsm_system_time.cjs     903.00 B
CJS dist/contrib/unaccent.cjs            868.00 B
CJS dist/contrib/uuid_ossp.cjs           873.00 B
CJS dist/fs/base.cjs                     13.97 KB
CJS dist/fs/nodefs.cjs                   10.66 KB
CJS dist/fs/opfs-ahp.cjs                 23.84 KB
CJS dist/contrib/tsm_system_rows.cjs     903.00 B
CJS dist/contrib/tablefunc.cjs           873.00 B
CJS dist/live/index.cjs                  19.11 KB
CJS dist/pg_ivm/index.cjs                874.00 B
CJS dist/pg_uuidv7/index.cjs             886.00 B
CJS dist/pgtap/index.cjs                 870.00 B
CJS dist/vector/index.cjs                876.00 B
CJS dist/worker/index.cjs                27.36 KB
CJS dist/contrib/amcheck.cjs.map         1.72 KB
CJS dist/templating.cjs.map              6.72 KB
CJS dist/contrib/auto_explain.cjs.map    1.76 KB
CJS dist/contrib/bloom.cjs.map           1.71 KB
CJS dist/contrib/btree_gin.cjs.map       1.74 KB
CJS dist/contrib/btree_gist.cjs.map      1.75 KB
CJS dist/contrib/citext.cjs.map          1.72 KB
CJS dist/contrib/cube.cjs.map            1.70 KB
CJS dist/contrib/dict_int.cjs.map        1.73 KB
CJS dist/contrib/dict_xsyn.cjs.map       1.74 KB
CJS dist/contrib/earthdistance.cjs.map   1.77 KB
CJS dist/contrib/file_fdw.cjs.map        1.73 KB
CJS dist/contrib/fuzzystrmatch.cjs.map   1.77 KB
CJS dist/contrib/hstore.cjs.map          1.72 KB
CJS dist/contrib/intarray.cjs.map        1.73 KB
CJS dist/contrib/isn.cjs.map             1.70 KB
CJS dist/contrib/ltree.cjs.map           1.71 KB
CJS dist/contrib/lo.cjs.map              1.69 KB
CJS dist/contrib/pageinspect.cjs.map     1.75 KB
CJS dist/contrib/pg_buffercache.cjs.map  1.77 KB
CJS dist/contrib/pg_freespacemap.cjs.map 1.80 KB
CJS dist/contrib/pg_trgm.cjs.map         1.72 KB
CJS dist/contrib/seg.cjs.map             1.70 KB
CJS dist/contrib/pg_surgery.cjs.map      1.75 KB
CJS dist/contrib/pg_walinspect.cjs.map   1.77 KB
CJS dist/contrib/pg_visibility.cjs.map   1.77 KB
CJS dist/contrib/tcn.cjs.map             1.70 KB
CJS dist/contrib/tsm_system_time.cjs.map 1.80 KB
CJS dist/contrib/unaccent.cjs.map        1.73 KB
CJS dist/contrib/uuid_ossp.cjs.map       1.74 KB
CJS dist/fs/base.cjs.map                 65.53 KB
CJS dist/contrib/tsm_system_rows.cjs.map 1.80 KB
CJS dist/contrib/tablefunc.cjs.map       1.74 KB
CJS dist/live/index.cjs.map              103.75 KB
CJS dist/pg_ivm/index.cjs.map            1.74 KB
CJS dist/pg_uuidv7/index.cjs.map         1.76 KB
CJS dist/pgtap/index.cjs.map             1.74 KB
CJS dist/vector/index.cjs.map            1.75 KB
CJS dist/worker/index.cjs.map            150.19 KB
CJS dist/index.cjs.map                   994.93 KB
CJS dist/fs/opfs-ahp.cjs.map             100.80 KB
CJS dist/fs/nodefs.cjs.map               61.12 KB
CJS ⚡️ Build success in 836ms

 WARN  [33m▲ [43;33m[[43;30mWARNING[43;33m][0m [1mUsing direct eval with a bundler is not recommended and may cause problems[0m [direct-eval]

    release/pglite.js:9:90760:
[37m      9 │ ...${body} };`;ASM_CONSTS[start]=[32meval[37m(func)}if("__start_em_asm"in m...
        ╵                                  [32m~~~~[0m

  You can read more about direct eval and bundling here: [4mhttps://esbuild.github.io/link/direct-eval[0m




 WARN  [33m▲ [43;33m[[43;30mWARNING[43;33m][0m [1mUsing direct eval with a bundler is not recommended and may cause problems[0m [direct-eval]

    release/pglite.js:9:91251:
[37m      9 │ ...${body};`;moduleExports[name]=[32meval[37m(func)}for(var name in moduleE...
        ╵                                  [32m~~~~[0m

  You can read more about direct eval and bundling here: [4mhttps://esbuild.github.io/link/direct-eval[0m



ESM dist/vector/index.js                232.00 B
ESM dist/worker/index.js                12.95 KB
ESM dist/contrib/uuid_ossp.js           226.00 B
ESM dist/fs/base.js                     238.00 B
ESM dist/fs/nodefs.js                   536.00 B
ESM dist/fs/opfs-ahp.js                 9.85 KB
ESM dist/live/index.js                  10.90 KB
ESM dist/pg_ivm/index.js                230.00 B
ESM dist/pg_uuidv7/index.js             239.00 B
ESM dist/pgtap/index.js                 227.00 B
ESM dist/contrib/pg_visibility.js       242.00 B
ESM dist/contrib/pg_walinspect.js       242.00 B
ESM dist/contrib/seg.js                 202.00 B
ESM dist/contrib/tablefunc.js           226.00 B
ESM dist/contrib/tcn.js                 202.00 B
ESM dist/contrib/tsm_system_rows.js     250.00 B
ESM dist/contrib/tsm_system_time.js     250.00 B
ESM dist/contrib/unaccent.js            222.00 B
ESM dist/contrib/isn.js                 202.00 B
ESM dist/contrib/lo.js                  198.00 B
ESM dist/contrib/ltree.js               210.00 B
ESM dist/contrib/pageinspect.js         234.00 B
ESM dist/contrib/pg_buffercache.js      246.00 B
ESM dist/contrib/pg_freespacemap.js     250.00 B
ESM dist/contrib/pg_surgery.js          230.00 B
ESM dist/contrib/pg_trgm.js             218.00 B
ESM dist/contrib/cube.js                206.00 B
ESM dist/contrib/dict_int.js            222.00 B
ESM dist/contrib/dict_xsyn.js           226.00 B
ESM dist/contrib/earthdistance.js       242.00 B
ESM dist/contrib/file_fdw.js            222.00 B
ESM dist/contrib/fuzzystrmatch.js       242.00 B
ESM dist/contrib/hstore.js              214.00 B
ESM dist/contrib/intarray.js            222.00 B
ESM dist/chunk-AX2J2225.js              4.11 KB
ESM dist/chunk-5L2AN65G.js              14.58 KB
ESM dist/chunk-YMWB5NPP.js              24.00 KB
ESM dist/templating.js                  161.00 B
ESM dist/chunk-MFIGESQR.js              998.00 B
ESM dist/contrib/amcheck.js             218.00 B
ESM dist/contrib/auto_explain.js        238.00 B
ESM dist/contrib/bloom.js               210.00 B
ESM dist/contrib/btree_gin.js           226.00 B
ESM dist/contrib/btree_gist.js          230.00 B
ESM dist/contrib/citext.js              214.00 B
ESM dist/chunk-LXLR7NCL.js              1.36 KB
ESM dist/index.js                       352.78 KB
ESM dist/vector/index.js.map            685.00 B
ESM dist/worker/index.js.map            43.60 KB
ESM dist/contrib/uuid_ossp.js.map       670.00 B
ESM dist/fs/base.js.map                 71.00 B
ESM dist/fs/nodefs.js.map               1.69 KB
ESM dist/fs/opfs-ahp.js.map             35.74 KB
ESM dist/live/index.js.map              36.97 KB
ESM dist/pg_ivm/index.js.map            683.00 B
ESM dist/pg_uuidv7/index.js.map         698.00 B
ESM dist/pgtap/index.js.map             678.00 B
ESM dist/contrib/pg_visibility.js.map   692.00 B
ESM dist/contrib/pg_walinspect.js.map   692.00 B
ESM dist/contrib/seg.js.map             640.00 B
ESM dist/contrib/tablefunc.js.map       670.00 B
ESM dist/contrib/tcn.js.map             640.00 B
ESM dist/contrib/tsm_system_rows.js.map 722.00 B
ESM dist/contrib/tsm_system_time.js.map 722.00 B
ESM dist/contrib/unaccent.js.map        665.00 B
ESM dist/contrib/isn.js.map             640.00 B
ESM dist/contrib/lo.js.map              635.00 B
ESM dist/contrib/ltree.js.map           650.00 B
ESM dist/contrib/pageinspect.js.map     680.00 B
ESM dist/contrib/pg_buffercache.js.map  697.00 B
ESM dist/contrib/pg_freespacemap.js.map 722.00 B
ESM dist/contrib/pg_surgery.js.map      675.00 B
ESM dist/contrib/pg_trgm.js.map         660.00 B
ESM dist/contrib/cube.js.map            645.00 B
ESM dist/contrib/dict_int.js.map        665.00 B
ESM dist/contrib/dict_xsyn.js.map       670.00 B
ESM dist/contrib/earthdistance.js.map   692.00 B
ESM dist/contrib/file_fdw.js.map        665.00 B
ESM dist/contrib/fuzzystrmatch.js.map   692.00 B
ESM dist/contrib/hstore.js.map          655.00 B
ESM dist/contrib/intarray.js.map        665.00 B
ESM dist/chunk-AX2J2225.js.map          22.05 KB
ESM dist/chunk-5L2AN65G.js.map          66.43 KB
ESM dist/chunk-YMWB5NPP.js.map          98.99 KB
ESM dist/templating.js.map              71.00 B
ESM dist/chunk-MFIGESQR.js.map          6.57 KB
ESM dist/contrib/amcheck.js.map         660.00 B
ESM dist/contrib/auto_explain.js.map    685.00 B
ESM dist/contrib/bloom.js.map           650.00 B
ESM dist/contrib/btree_gin.js.map       670.00 B
ESM dist/contrib/btree_gist.js.map      675.00 B
ESM dist/contrib/citext.js.map          655.00 B
ESM dist/chunk-LXLR7NCL.js.map          712.00 B
ESM dist/index.js.map                   762.73 KB
ESM ⚡️ Build success in 911ms
DTS ⚡️ Build success in 23714ms
DTS dist/index.d.ts                    16.97 KB
DTS dist/fs/nodefs.d.ts                396.00 B
DTS dist/fs/opfs-ahp.d.ts              3.77 KB
DTS dist/templating.d.ts               2.30 KB
DTS dist/live/index.d.ts               5.02 KB
DTS dist/vector/index.d.ts             258.00 B
DTS dist/pg_ivm/index.d.ts             258.00 B
DTS dist/pgtap/index.d.ts              256.00 B
DTS dist/pg_uuidv7/index.d.ts          264.00 B
DTS dist/worker/index.d.ts             4.91 KB
DTS dist/contrib/amcheck.d.ts          232.00 B
DTS dist/contrib/auto_explain.d.ts     242.00 B
DTS dist/contrib/bloom.d.ts            228.00 B
DTS dist/contrib/btree_gin.d.ts        236.00 B
DTS dist/contrib/btree_gist.d.ts       238.00 B
DTS dist/contrib/citext.d.ts           230.00 B
DTS dist/contrib/cube.d.ts             226.00 B
DTS dist/contrib/dict_int.d.ts         234.00 B
DTS dist/contrib/dict_xsyn.d.ts        236.00 B
DTS dist/contrib/earthdistance.d.ts    244.00 B
DTS dist/contrib/file_fdw.d.ts         234.00 B
DTS dist/contrib/fuzzystrmatch.d.ts    244.00 B
DTS dist/contrib/hstore.d.ts           230.00 B
DTS dist/contrib/intarray.d.ts         234.00 B
DTS dist/contrib/isn.d.ts              224.00 B
DTS dist/contrib/lo.d.ts               222.00 B
DTS dist/contrib/ltree.d.ts            228.00 B
DTS dist/contrib/pageinspect.d.ts      240.00 B
DTS dist/contrib/pg_buffercache.d.ts   246.00 B
DTS dist/contrib/pg_freespacemap.d.ts  248.00 B
DTS dist/contrib/pg_surgery.d.ts       238.00 B
DTS dist/contrib/pg_trgm.d.ts          232.00 B
DTS dist/contrib/pg_visibility.d.ts    244.00 B
DTS dist/contrib/pg_walinspect.d.ts    244.00 B
DTS dist/contrib/seg.d.ts              224.00 B
DTS dist/contrib/tablefunc.d.ts        236.00 B
DTS dist/contrib/tcn.d.ts              224.00 B
DTS dist/contrib/tsm_system_rows.d.ts  248.00 B
DTS dist/contrib/tsm_system_time.d.ts  248.00 B
DTS dist/contrib/unaccent.d.ts         234.00 B
DTS dist/contrib/uuid_ossp.d.ts        236.00 B
DTS dist/fs/base.d.ts                  188.00 B
DTS dist/pglite-DcjyZxt2.d.ts          43.67 KB
DTS dist/index.d.cts                   16.97 KB
DTS dist/fs/nodefs.d.cts               397.00 B
DTS dist/fs/opfs-ahp.d.cts             3.77 KB
DTS dist/templating.d.cts              2.30 KB
DTS dist/live/index.d.cts              5.02 KB
DTS dist/vector/index.d.cts            259.00 B
DTS dist/pg_ivm/index.d.cts            259.00 B
DTS dist/pgtap/index.d.cts             257.00 B
DTS dist/pg_uuidv7/index.d.cts         265.00 B
DTS dist/worker/index.d.cts            4.91 KB
DTS dist/contrib/amcheck.d.cts         233.00 B
DTS dist/contrib/auto_explain.d.cts    243.00 B
DTS dist/contrib/bloom.d.cts           229.00 B
DTS dist/contrib/btree_gin.d.cts       237.00 B
DTS dist/contrib/btree_gist.d.cts      239.00 B
DTS dist/contrib/citext.d.cts          231.00 B
DTS dist/contrib/cube.d.cts            227.00 B
DTS dist/contrib/dict_int.d.cts        235.00 B
DTS dist/contrib/dict_xsyn.d.cts       237.00 B
DTS dist/contrib/earthdistance.d.cts   245.00 B
DTS dist/contrib/file_fdw.d.cts        235.00 B
DTS dist/contrib/fuzzystrmatch.d.cts   245.00 B
DTS dist/contrib/hstore.d.cts          231.00 B
DTS dist/contrib/intarray.d.cts        235.00 B
DTS dist/contrib/isn.d.cts             225.00 B
DTS dist/contrib/lo.d.cts              223.00 B
DTS dist/contrib/ltree.d.cts           229.00 B
DTS dist/contrib/pageinspect.d.cts     241.00 B
DTS dist/contrib/pg_buffercache.d.cts  247.00 B
DTS dist/contrib/pg_freespacemap.d.cts 249.00 B
DTS dist/contrib/pg_surgery.d.cts      239.00 B
DTS dist/contrib/pg_trgm.d.cts         233.00 B
DTS dist/contrib/pg_visibility.d.cts   245.00 B
DTS dist/contrib/pg_walinspect.d.cts   245.00 B
DTS dist/contrib/seg.d.cts             225.00 B
DTS dist/contrib/tablefunc.d.cts       237.00 B
DTS dist/contrib/tcn.d.cts             225.00 B
DTS dist/contrib/tsm_system_rows.d.cts 249.00 B
DTS dist/contrib/tsm_system_time.d.cts 249.00 B
DTS dist/contrib/unaccent.d.cts        235.00 B
DTS dist/contrib/uuid_ossp.d.cts       237.00 B
DTS dist/fs/base.d.cts                 189.00 B
DTS dist/pglite-DcjyZxt2.d.cts         43.67 KB
Copied release/amcheck.tar.gz to dist/amcheck.tar.gz
Copied release/auth_delay.tar.gz to dist/auth_delay.tar.gz
Copied release/auto_explain.tar.gz to dist/auto_explain.tar.gz
Copied release/basebackup_to_shell.tar.gz to dist/basebackup_to_shell.tar.gz
Copied release/basic_archive.tar.gz to dist/basic_archive.tar.gz
Copied release/bloom.tar.gz to dist/bloom.tar.gz
Copied release/btree_gin.tar.gz to dist/btree_gin.tar.gz
Copied release/btree_gist.tar.gz to dist/btree_gist.tar.gz
Copied release/citext.tar.gz to dist/citext.tar.gz
Copied release/cube.tar.gz to dist/cube.tar.gz
Copied release/dblink.tar.gz to dist/dblink.tar.gz
Copied release/dict_int.tar.gz to dist/dict_int.tar.gz
Copied release/dict_xsyn.tar.gz to dist/dict_xsyn.tar.gz
Copied release/earthdistance.tar.gz to dist/earthdistance.tar.gz
Copied release/file_fdw.tar.gz to dist/file_fdw.tar.gz
Copied release/fuzzystrmatch.tar.gz to dist/fuzzystrmatch.tar.gz
Copied release/hstore.tar.gz to dist/hstore.tar.gz
Copied release/intagg.tar.gz to dist/intagg.tar.gz
Copied release/intarray.tar.gz to dist/intarray.tar.gz
Copied release/isn.tar.gz to dist/isn.tar.gz
Copied release/lo.tar.gz to dist/lo.tar.gz
Copied release/ltree.tar.gz to dist/ltree.tar.gz
Copied release/oid2name.tar.gz to dist/oid2name.tar.gz
Copied release/pageinspect.tar.gz to dist/pageinspect.tar.gz
Copied release/passwordcheck.tar.gz to dist/passwordcheck.tar.gz
Copied release/pg_buffercache.tar.gz to dist/pg_buffercache.tar.gz
Copied release/pg_freespacemap.tar.gz to dist/pg_freespacemap.tar.gz
Copied release/pg_ivm.tar.gz to dist/pg_ivm.tar.gz
Copied release/pg_prewarm.tar.gz to dist/pg_prewarm.tar.gz
Copied release/pg_stat_statements.tar.gz to dist/pg_stat_statements.tar.gz
Copied release/pg_surgery.tar.gz to dist/pg_surgery.tar.gz
Copied release/pg_trgm.tar.gz to dist/pg_trgm.tar.gz
Copied release/pg_uuidv7.tar.gz to dist/pg_uuidv7.tar.gz
Copied release/pg_visibility.tar.gz to dist/pg_visibility.tar.gz
Copied release/pg_walinspect.tar.gz to dist/pg_walinspect.tar.gz
Copied release/pglite.data to dist/pglite.data
Copied release/pglite.js to dist/pglite.js
Copied release/pglite.wasm to dist/pglite.wasm
Copied release/pgrowlocks.tar.gz to dist/pgrowlocks.tar.gz
Copied release/pgstattuple.tar.gz to dist/pgstattuple.tar.gz
Copied release/pgtap.tar.gz to dist/pgtap.tar.gz
Copied release/postgres_fdw.tar.gz to dist/postgres_fdw.tar.gz
Copied release/seg.tar.gz to dist/seg.tar.gz
Copied release/spi.tar.gz to dist/spi.tar.gz
Copied release/tablefunc.tar.gz to dist/tablefunc.tar.gz
Copied release/tcn.tar.gz to dist/tcn.tar.gz
Copied release/test_decoding.tar.gz to dist/test_decoding.tar.gz
Copied release/tsm_system_rows.tar.gz to dist/tsm_system_rows.tar.gz
Copied release/tsm_system_time.tar.gz to dist/tsm_system_time.tar.gz
Copied release/unaccent.tar.gz to dist/unaccent.tar.gz
Copied release/uuid-ossp.tar.gz to dist/uuid-ossp.tar.gz
Copied release/vacuumlo.tar.gz to dist/vacuumlo.tar.gz
Copied release/vector.tar.gz to dist/vector.tar.gz
Copied release/xml2.tar.gz to dist/xml2.tar.gz
